<?xml version="1.0" encoding="UTF-8"?><testrun name="MapCreationTest" project="Wortsuche-client" tests="4" started="4" failures="0" errors="1" ignored="0">
  <testsuite name="cool.paul.fh.wortsuche.client.integration.MapCreationTest" time="0.0">
    <testcase name="test_createNewMap_invalid_01" classname="cool.paul.fh.wortsuche.client.integration.MapCreationTest" time="0.0"/>
    <testcase name="test_createNewMap_invalid_02" classname="cool.paul.fh.wortsuche.client.integration.MapCreationTest" time="0.0"/>
    <testcase name="test_createNewMap_invalid_03" classname="cool.paul.fh.wortsuche.client.integration.MapCreationTest" time="0.0"/>
    <testcase name="test_createNewMap" classname="cool.paul.fh.wortsuche.client.integration.MapCreationTest" time="0.0">
      <error>com.sun.messaging.jms.MessageFormatException: [C4040]: Invalid ObjectProperty type java.util.Arrays$ArrayList for property words&#13;
	at com.sun.messaging.jmq.jmsclient.MessageImpl.checkValidPropertyValue(MessageImpl.java:753)&#13;
	at com.sun.messaging.jmq.jmsclient.MessageImpl.checkAndSetProperty(MessageImpl.java:718)&#13;
	at com.sun.messaging.jmq.jmsclient.MessageImpl.setObjectProperty(MessageImpl.java:1977)&#13;
	at cool.paul.fh.wortsuche.client.ServiceHandlerImpl.createNewMap(ServiceHandlerImpl.java:117)&#13;
	at cool.paul.fh.wortsuche.client.integration.MapCreationTest.test_createNewMap(MapCreationTest.java:59)&#13;
	at sun.reflect.NativeMethodAccessorImpl.invoke0(Native Method)&#13;
	at sun.reflect.NativeMethodAccessorImpl.invoke(NativeMethodAccessorImpl.java:62)&#13;
	at sun.reflect.DelegatingMethodAccessorImpl.invoke(DelegatingMethodAccessorImpl.java:43)&#13;
	at java.lang.reflect.Method.invoke(Method.java:498)&#13;
	at org.junit.runners.model.FrameworkMethod$1.runReflectiveCall(FrameworkMethod.java:47)&#13;
	at org.junit.internal.runners.model.ReflectiveCallable.run(ReflectiveCallable.java:12)&#13;
	at org.junit.runners.model.FrameworkMethod.invokeExplosively(FrameworkMethod.java:44)&#13;
	at org.junit.internal.runners.statements.InvokeMethod.evaluate(InvokeMethod.java:17)&#13;
	at org.junit.runners.ParentRunner.runLeaf(ParentRunner.java:271)&#13;
	at org.junit.runners.BlockJUnit4ClassRunner.runChild(BlockJUnit4ClassRunner.java:70)&#13;
	at org.junit.runners.BlockJUnit4ClassRunner.runChild(BlockJUnit4ClassRunner.java:50)&#13;
	at org.junit.runners.ParentRunner$3.run(ParentRunner.java:238)&#13;
	at org.junit.runners.ParentRunner$1.schedule(ParentRunner.java:63)&#13;
	at org.junit.runners.ParentRunner.runChildren(ParentRunner.java:236)&#13;
	at org.junit.runners.ParentRunner.access$000(ParentRunner.java:53)&#13;
	at org.junit.runners.ParentRunner$2.evaluate(ParentRunner.java:229)&#13;
	at org.junit.internal.runners.statements.RunBefores.evaluate(RunBefores.java:26)&#13;
	at org.junit.runners.ParentRunner.run(ParentRunner.java:309)&#13;
	at org.eclipse.jdt.internal.junit4.runner.JUnit4TestReference.run(JUnit4TestReference.java:89)&#13;
	at org.eclipse.jdt.internal.junit.runner.TestExecution.run(TestExecution.java:41)&#13;
	at org.eclipse.jdt.internal.junit.runner.RemoteTestRunner.runTests(RemoteTestRunner.java:541)&#13;
	at org.eclipse.jdt.internal.junit.runner.RemoteTestRunner.runTests(RemoteTestRunner.java:763)&#13;
	at org.eclipse.jdt.internal.junit.runner.RemoteTestRunner.run(RemoteTestRunner.java:463)&#13;
	at org.eclipse.jdt.internal.junit.runner.RemoteTestRunner.main(RemoteTestRunner.java:209)&#13;
&#13;
</error>
    </testcase>
  </testsuite>
</testrun>
